<?xml version="1.0" encoding="UTF-8"?>
<testng-results ignored="4" total="5" passed="0" failed="0" skipped="1">
  <reporter-output>
  </reporter-output>
  <suite started-at="2021-01-07T14:43:44 EST" name="Default suite" finished-at="2021-01-07T14:43:58 EST" duration-ms="14096">
    <groups>
    </groups>
    <test started-at="2021-01-07T14:43:44 EST" name="Default test" finished-at="2021-01-07T14:43:58 EST" duration-ms="14096">
      <class name="sprint1.day1">
        <test-method is-config="true" signature="setup()[pri:0, instance:sprint1.day1@75329a49]" started-at="2021-01-07T14:43:44 EST" name="setup" finished-at="2021-01-07T14:43:58 EST" duration-ms="14020" status="FAIL">
          <exception class="org.openqa.selenium.SessionNotCreatedException">
            <message>
              <![CDATA[session not created
from chrome not reachable
  (Session info: chrome=87.0.4280.88)
Build info: version: '3.141.59', revision: 'e82be7d358', time: '2018-11-14T08:25:48'
System info: host: 'KHAN', ip: '192.168.42.1', os.name: 'Windows 10', os.arch: 'amd64', os.version: '10.0', java.version: '14.0.2'
Driver info: driver.version: ChromeDriver
remote stacktrace: Backtrace:
Ordinal0 [0x00CFC013+3194899]
Ordinal0 [0x00BE6021+2056225]
Ordinal0 [0x00A7F4B0+586928]
Ordinal0 [0x00A75894+546964]
Ordinal0 [0x00A75F2C+548652]
Ordinal0 [0x00A77175+553333]
Ordinal0 [0x00A7241E+533534]
Ordinal0 [0x00A80620+591392]
Ordinal0 [0x00A22A0C+207372]
Ordinal0 [0x00A21D0D+204045]
Ordinal0 [0x00A1FC1B+195611]
Ordinal0 [0x00A03B7F+80767]
Ordinal0 [0x00A04B4E+84814]
Ordinal0 [0x00A04AD9+84697]
Ordinal0 [0x00BFCE64+2149988]
GetHandleVerifier [0x00E6BE95+1400773]
GetHandleVerifier [0x00E6BB61+1399953]
GetHandleVerifier [0x00E731FA+1430314]
GetHandleVerifier [0x00E6C69F+1402831]
Ordinal0 [0x00BF3D61+2112865]
Ordinal0 [0x00BFE5CB+2155979]
Ordinal0 [0x00BFE6F5+2156277]
Ordinal0 [0x00C0F26E+2224750]
BaseThreadInitThunk [0x76D96359+25]
RtlGetAppContainerNamedObjectPath [0x775E8944+228]
RtlGetAppContainerNamedObjectPath [0x775E8914+180]
]]>
            </message>
            <full-stacktrace>
              <![CDATA[org.openqa.selenium.SessionNotCreatedException: session not created
from chrome not reachable
  (Session info: chrome=87.0.4280.88)
Build info: version: '3.141.59', revision: 'e82be7d358', time: '2018-11-14T08:25:48'
System info: host: 'KHAN', ip: '192.168.42.1', os.name: 'Windows 10', os.arch: 'amd64', os.version: '10.0', java.version: '14.0.2'
Driver info: driver.version: ChromeDriver
remote stacktrace: Backtrace:
Ordinal0 [0x00CFC013+3194899]
Ordinal0 [0x00BE6021+2056225]
Ordinal0 [0x00A7F4B0+586928]
Ordinal0 [0x00A75894+546964]
Ordinal0 [0x00A75F2C+548652]
Ordinal0 [0x00A77175+553333]
Ordinal0 [0x00A7241E+533534]
Ordinal0 [0x00A80620+591392]
Ordinal0 [0x00A22A0C+207372]
Ordinal0 [0x00A21D0D+204045]
Ordinal0 [0x00A1FC1B+195611]
Ordinal0 [0x00A03B7F+80767]
Ordinal0 [0x00A04B4E+84814]
Ordinal0 [0x00A04AD9+84697]
Ordinal0 [0x00BFCE64+2149988]
GetHandleVerifier [0x00E6BE95+1400773]
GetHandleVerifier [0x00E6BB61+1399953]
GetHandleVerifier [0x00E731FA+1430314]
GetHandleVerifier [0x00E6C69F+1402831]
Ordinal0 [0x00BF3D61+2112865]
Ordinal0 [0x00BFE5CB+2155979]
Ordinal0 [0x00BFE6F5+2156277]
Ordinal0 [0x00C0F26E+2224750]
BaseThreadInitThunk [0x76D96359+25]
RtlGetAppContainerNamedObjectPath [0x775E8944+228]
RtlGetAppContainerNamedObjectPath [0x775E8914+180]

at java.base/jdk.internal.reflect.NativeConstructorAccessorImpl.newInstance0(Native Method)
at java.base/jdk.internal.reflect.NativeConstructorAccessorImpl.newInstance(NativeConstructorAccessorImpl.java:62)
at java.base/jdk.internal.reflect.DelegatingConstructorAccessorImpl.newInstance(DelegatingConstructorAccessorImpl.java:45)
at java.base/java.lang.reflect.Constructor.newInstanceWithCaller(Constructor.java:500)
at java.base/java.lang.reflect.Constructor.newInstance(Constructor.java:481)
at org.openqa.selenium.remote.W3CHandshakeResponse.lambda$errorHandler$0(W3CHandshakeResponse.java:62)
at org.openqa.selenium.remote.HandshakeResponse.lambda$getResponseFunction$0(HandshakeResponse.java:30)
at org.openqa.selenium.remote.ProtocolHandshake.lambda$createSession$0(ProtocolHandshake.java:126)
at java.base/java.util.stream.ReferencePipeline$3$1.accept(ReferencePipeline.java:195)
at java.base/java.util.Spliterators$ArraySpliterator.tryAdvance(Spliterators.java:958)
at java.base/java.util.stream.ReferencePipeline.forEachWithCancel(ReferencePipeline.java:127)
at java.base/java.util.stream.AbstractPipeline.copyIntoWithCancel(AbstractPipeline.java:502)
at java.base/java.util.stream.AbstractPipeline.copyInto(AbstractPipeline.java:488)
at java.base/java.util.stream.AbstractPipeline.wrapAndCopyInto(AbstractPipeline.java:474)
at java.base/java.util.stream.FindOps$FindOp.evaluateSequential(FindOps.java:150)
at java.base/java.util.stream.AbstractPipeline.evaluate(AbstractPipeline.java:234)
at java.base/java.util.stream.ReferencePipeline.findFirst(ReferencePipeline.java:543)
at org.openqa.selenium.remote.ProtocolHandshake.createSession(ProtocolHandshake.java:128)
at org.openqa.selenium.remote.ProtocolHandshake.createSession(ProtocolHandshake.java:74)
at org.openqa.selenium.remote.HttpCommandExecutor.execute(HttpCommandExecutor.java:136)
at org.openqa.selenium.remote.service.DriverCommandExecutor.execute(DriverCommandExecutor.java:83)
at org.openqa.selenium.remote.RemoteWebDriver.execute(RemoteWebDriver.java:552)
at org.openqa.selenium.remote.RemoteWebDriver.startSession(RemoteWebDriver.java:213)
at org.openqa.selenium.remote.RemoteWebDriver.<init>(RemoteWebDriver.java:131)
at org.openqa.selenium.chrome.ChromeDriver.<init>(ChromeDriver.java:181)
at org.openqa.selenium.chrome.ChromeDriver.<init>(ChromeDriver.java:168)
at org.openqa.selenium.chrome.ChromeDriver.<init>(ChromeDriver.java:123)
at sprint1.day1.setup(day1.java:25)
at java.base/jdk.internal.reflect.NativeMethodAccessorImpl.invoke0(Native Method)
at java.base/jdk.internal.reflect.NativeMethodAccessorImpl.invoke(NativeMethodAccessorImpl.java:62)
at java.base/jdk.internal.reflect.DelegatingMethodAccessorImpl.invoke(DelegatingMethodAccessorImpl.java:43)
at java.base/java.lang.reflect.Method.invoke(Method.java:564)
at org.testng.internal.MethodInvocationHelper.invokeMethod(MethodInvocationHelper.java:132)
at org.testng.internal.MethodInvocationHelper.invokeMethodConsideringTimeout(MethodInvocationHelper.java:61)
at org.testng.internal.ConfigInvoker.invokeConfigurationMethod(ConfigInvoker.java:366)
at org.testng.internal.ConfigInvoker.invokeConfigurations(ConfigInvoker.java:320)
at org.testng.TestRunner.invokeTestConfigurations(TestRunner.java:617)
at org.testng.TestRunner.beforeRun(TestRunner.java:607)
at org.testng.TestRunner.run(TestRunner.java:578)
at org.testng.SuiteRunner.runTest(SuiteRunner.java:384)
at org.testng.SuiteRunner.runSequentially(SuiteRunner.java:378)
at org.testng.SuiteRunner.privateRun(SuiteRunner.java:337)
at org.testng.SuiteRunner.run(SuiteRunner.java:286)
at org.testng.SuiteRunnerWorker.runSuite(SuiteRunnerWorker.java:53)
at org.testng.SuiteRunnerWorker.run(SuiteRunnerWorker.java:96)
at org.testng.TestNG.runSuitesSequentially(TestNG.java:1218)
at org.testng.TestNG.runSuitesLocally(TestNG.java:1140)
at org.testng.TestNG.runSuites(TestNG.java:1069)
at org.testng.TestNG.run(TestNG.java:1037)
at org.testng.remote.AbstractRemoteTestNG.run(AbstractRemoteTestNG.java:115)
at org.testng.remote.RemoteTestNG.initAndRun(RemoteTestNG.java:251)
at org.testng.remote.RemoteTestNG.main(RemoteTestNG.java:77)
]]>
            </full-stacktrace>
          </exception> <!-- org.openqa.selenium.SessionNotCreatedException -->
          <reporter-output>
          </reporter-output>
        </test-method> <!-- setup -->
        <test-method signature="verifyAuthentificForm()[pri:3, instance:sprint1.day1@75329a49]" started-at="2021-01-07T14:43:58 EST" name="verifyAuthentificForm" finished-at="2021-01-07T14:43:58 EST" duration-ms="0" status="SKIP">
          <exception class="org.openqa.selenium.SessionNotCreatedException">
            <message>
              <![CDATA[session not created
from chrome not reachable
  (Session info: chrome=87.0.4280.88)
Build info: version: '3.141.59', revision: 'e82be7d358', time: '2018-11-14T08:25:48'
System info: host: 'KHAN', ip: '192.168.42.1', os.name: 'Windows 10', os.arch: 'amd64', os.version: '10.0', java.version: '14.0.2'
Driver info: driver.version: ChromeDriver
remote stacktrace: Backtrace:
Ordinal0 [0x00CFC013+3194899]
Ordinal0 [0x00BE6021+2056225]
Ordinal0 [0x00A7F4B0+586928]
Ordinal0 [0x00A75894+546964]
Ordinal0 [0x00A75F2C+548652]
Ordinal0 [0x00A77175+553333]
Ordinal0 [0x00A7241E+533534]
Ordinal0 [0x00A80620+591392]
Ordinal0 [0x00A22A0C+207372]
Ordinal0 [0x00A21D0D+204045]
Ordinal0 [0x00A1FC1B+195611]
Ordinal0 [0x00A03B7F+80767]
Ordinal0 [0x00A04B4E+84814]
Ordinal0 [0x00A04AD9+84697]
Ordinal0 [0x00BFCE64+2149988]
GetHandleVerifier [0x00E6BE95+1400773]
GetHandleVerifier [0x00E6BB61+1399953]
GetHandleVerifier [0x00E731FA+1430314]
GetHandleVerifier [0x00E6C69F+1402831]
Ordinal0 [0x00BF3D61+2112865]
Ordinal0 [0x00BFE5CB+2155979]
Ordinal0 [0x00BFE6F5+2156277]
Ordinal0 [0x00C0F26E+2224750]
BaseThreadInitThunk [0x76D96359+25]
RtlGetAppContainerNamedObjectPath [0x775E8944+228]
RtlGetAppContainerNamedObjectPath [0x775E8914+180]
]]>
            </message>
            <full-stacktrace>
              <![CDATA[org.openqa.selenium.SessionNotCreatedException: session not created
from chrome not reachable
  (Session info: chrome=87.0.4280.88)
Build info: version: '3.141.59', revision: 'e82be7d358', time: '2018-11-14T08:25:48'
System info: host: 'KHAN', ip: '192.168.42.1', os.name: 'Windows 10', os.arch: 'amd64', os.version: '10.0', java.version: '14.0.2'
Driver info: driver.version: ChromeDriver
remote stacktrace: Backtrace:
Ordinal0 [0x00CFC013+3194899]
Ordinal0 [0x00BE6021+2056225]
Ordinal0 [0x00A7F4B0+586928]
Ordinal0 [0x00A75894+546964]
Ordinal0 [0x00A75F2C+548652]
Ordinal0 [0x00A77175+553333]
Ordinal0 [0x00A7241E+533534]
Ordinal0 [0x00A80620+591392]
Ordinal0 [0x00A22A0C+207372]
Ordinal0 [0x00A21D0D+204045]
Ordinal0 [0x00A1FC1B+195611]
Ordinal0 [0x00A03B7F+80767]
Ordinal0 [0x00A04B4E+84814]
Ordinal0 [0x00A04AD9+84697]
Ordinal0 [0x00BFCE64+2149988]
GetHandleVerifier [0x00E6BE95+1400773]
GetHandleVerifier [0x00E6BB61+1399953]
GetHandleVerifier [0x00E731FA+1430314]
GetHandleVerifier [0x00E6C69F+1402831]
Ordinal0 [0x00BF3D61+2112865]
Ordinal0 [0x00BFE5CB+2155979]
Ordinal0 [0x00BFE6F5+2156277]
Ordinal0 [0x00C0F26E+2224750]
BaseThreadInitThunk [0x76D96359+25]
RtlGetAppContainerNamedObjectPath [0x775E8944+228]
RtlGetAppContainerNamedObjectPath [0x775E8914+180]

at java.base/jdk.internal.reflect.NativeConstructorAccessorImpl.newInstance0(Native Method)
at java.base/jdk.internal.reflect.NativeConstructorAccessorImpl.newInstance(NativeConstructorAccessorImpl.java:62)
at java.base/jdk.internal.reflect.DelegatingConstructorAccessorImpl.newInstance(DelegatingConstructorAccessorImpl.java:45)
at java.base/java.lang.reflect.Constructor.newInstanceWithCaller(Constructor.java:500)
at java.base/java.lang.reflect.Constructor.newInstance(Constructor.java:481)
at org.openqa.selenium.remote.W3CHandshakeResponse.lambda$errorHandler$0(W3CHandshakeResponse.java:62)
at org.openqa.selenium.remote.HandshakeResponse.lambda$getResponseFunction$0(HandshakeResponse.java:30)
at org.openqa.selenium.remote.ProtocolHandshake.lambda$createSession$0(ProtocolHandshake.java:126)
at java.base/java.util.stream.ReferencePipeline$3$1.accept(ReferencePipeline.java:195)
at java.base/java.util.Spliterators$ArraySpliterator.tryAdvance(Spliterators.java:958)
at java.base/java.util.stream.ReferencePipeline.forEachWithCancel(ReferencePipeline.java:127)
at java.base/java.util.stream.AbstractPipeline.copyIntoWithCancel(AbstractPipeline.java:502)
at java.base/java.util.stream.AbstractPipeline.copyInto(AbstractPipeline.java:488)
at java.base/java.util.stream.AbstractPipeline.wrapAndCopyInto(AbstractPipeline.java:474)
at java.base/java.util.stream.FindOps$FindOp.evaluateSequential(FindOps.java:150)
at java.base/java.util.stream.AbstractPipeline.evaluate(AbstractPipeline.java:234)
at java.base/java.util.stream.ReferencePipeline.findFirst(ReferencePipeline.java:543)
at org.openqa.selenium.remote.ProtocolHandshake.createSession(ProtocolHandshake.java:128)
at org.openqa.selenium.remote.ProtocolHandshake.createSession(ProtocolHandshake.java:74)
at org.openqa.selenium.remote.HttpCommandExecutor.execute(HttpCommandExecutor.java:136)
at org.openqa.selenium.remote.service.DriverCommandExecutor.execute(DriverCommandExecutor.java:83)
at org.openqa.selenium.remote.RemoteWebDriver.execute(RemoteWebDriver.java:552)
at org.openqa.selenium.remote.RemoteWebDriver.startSession(RemoteWebDriver.java:213)
at org.openqa.selenium.remote.RemoteWebDriver.<init>(RemoteWebDriver.java:131)
at org.openqa.selenium.chrome.ChromeDriver.<init>(ChromeDriver.java:181)
at org.openqa.selenium.chrome.ChromeDriver.<init>(ChromeDriver.java:168)
at org.openqa.selenium.chrome.ChromeDriver.<init>(ChromeDriver.java:123)
at sprint1.day1.setup(day1.java:25)
at java.base/jdk.internal.reflect.NativeMethodAccessorImpl.invoke0(Native Method)
at java.base/jdk.internal.reflect.NativeMethodAccessorImpl.invoke(NativeMethodAccessorImpl.java:62)
at java.base/jdk.internal.reflect.DelegatingMethodAccessorImpl.invoke(DelegatingMethodAccessorImpl.java:43)
at java.base/java.lang.reflect.Method.invoke(Method.java:564)
at org.testng.internal.MethodInvocationHelper.invokeMethod(MethodInvocationHelper.java:132)
at org.testng.internal.MethodInvocationHelper.invokeMethodConsideringTimeout(MethodInvocationHelper.java:61)
at org.testng.internal.ConfigInvoker.invokeConfigurationMethod(ConfigInvoker.java:366)
at org.testng.internal.ConfigInvoker.invokeConfigurations(ConfigInvoker.java:320)
at org.testng.TestRunner.invokeTestConfigurations(TestRunner.java:617)
at org.testng.TestRunner.beforeRun(TestRunner.java:607)
at org.testng.TestRunner.run(TestRunner.java:578)
at org.testng.SuiteRunner.runTest(SuiteRunner.java:384)
at org.testng.SuiteRunner.runSequentially(SuiteRunner.java:378)
at org.testng.SuiteRunner.privateRun(SuiteRunner.java:337)
at org.testng.SuiteRunner.run(SuiteRunner.java:286)
at org.testng.SuiteRunnerWorker.runSuite(SuiteRunnerWorker.java:53)
at org.testng.SuiteRunnerWorker.run(SuiteRunnerWorker.java:96)
at org.testng.TestNG.runSuitesSequentially(TestNG.java:1218)
at org.testng.TestNG.runSuitesLocally(TestNG.java:1140)
at org.testng.TestNG.runSuites(TestNG.java:1069)
at org.testng.TestNG.run(TestNG.java:1037)
at org.testng.remote.AbstractRemoteTestNG.run(AbstractRemoteTestNG.java:115)
at org.testng.remote.RemoteTestNG.initAndRun(RemoteTestNG.java:251)
at org.testng.remote.RemoteTestNG.main(RemoteTestNG.java:77)
]]>
            </full-stacktrace>
          </exception> <!-- org.openqa.selenium.SessionNotCreatedException -->
          <reporter-output>
          </reporter-output>
        </test-method> <!-- verifyAuthentificForm -->
        <test-method is-config="true" signature="closeBrowser()[pri:0, instance:sprint1.day1@75329a49]" started-at="2021-01-07T14:43:58 EST" name="closeBrowser" finished-at="1969-12-31T19:00:00 EST" duration-ms="-1610048638652" status="SKIP">
          <reporter-output>
          </reporter-output>
        </test-method> <!-- closeBrowser -->
      </class> <!-- sprint1.day1 -->
    </test> <!-- Default test -->
  </suite> <!-- Default suite -->
</testng-results>
